21:22:18.406 [main] INFO  baseClass.BaseClass - User Navigation to the page............
21:22:18.419 [main] INFO  baseClass.BaseClass - User close the Ads......
21:22:23.669 [main] INFO  baseClass.BaseClass - User click the Cab Button On Home Page
21:22:25.221 [main] INFO  baseClass.BaseClass - Cab Page ---> User click the search Button
21:22:27.399 [main] INFO  baseClass.BaseClass - Cab Page ---> User Click the More Options
21:22:27.575 [main] INFO  baseClass.BaseClass - Cab Page ---> User click the Gift In More Options
21:22:30.433 [main] INFO  baseClass.BaseClass - Gift Page ---> User click the Birthday Gift
21:22:30.742 [main] INFO  baseClass.BaseClass - Gift Page ---> User click the Email Button
21:22:31.722 [main] DEBUG org.apache.poi.openxml4j.opc.PackageRelationshipCollection - Parsing relationship: /xl/_rels/workbook.xml.rels
21:22:31.724 [main] DEBUG org.apache.poi.openxml4j.opc.PackageRelationshipCollection - Parsing relationship: /xl/worksheets/_rels/sheet2.xml.rels
21:22:31.725 [main] DEBUG org.apache.poi.openxml4j.opc.PackageRelationshipCollection - Parsing relationship: /xl/worksheets/_rels/sheet3.xml.rels
21:22:31.726 [main] DEBUG org.apache.poi.openxml4j.opc.PackageRelationshipCollection - Parsing relationship: /xl/worksheets/_rels/sheet4.xml.rels
21:22:31.727 [main] DEBUG org.apache.poi.openxml4j.opc.PackageRelationshipCollection - Parsing relationship: /_rels/.rels
21:22:47.119 [main] DEBUG org.apache.poi.openxml4j.opc.PackageRelationshipCollection - Parsing relationship: /xl/_rels/workbook.xml.rels
21:22:47.120 [main] DEBUG org.apache.poi.openxml4j.opc.PackageRelationshipCollection - Parsing relationship: /xl/worksheets/_rels/sheet2.xml.rels
21:22:47.121 [main] DEBUG org.apache.poi.openxml4j.opc.PackageRelationshipCollection - Parsing relationship: /xl/worksheets/_rels/sheet3.xml.rels
21:22:47.123 [main] DEBUG org.apache.poi.openxml4j.opc.PackageRelationshipCollection - Parsing relationship: /xl/worksheets/_rels/sheet4.xml.rels
21:22:47.124 [main] DEBUG org.apache.poi.openxml4j.opc.PackageRelationshipCollection - Parsing relationship: /_rels/.rels
21:23:28.435 [main] INFO  baseClass.BaseClass - User Navigation to the page............
21:23:28.438 [main] INFO  baseClass.BaseClass - User close the Ads......
21:23:33.649 [main] INFO  baseClass.BaseClass - User click the Cab Button On Home Page
21:23:35.262 [main] INFO  baseClass.BaseClass - Cab Page ---> User click the search Button
21:23:37.901 [main] INFO  baseClass.BaseClass - Cab Page ---> User Click the More Options
21:23:38.069 [main] INFO  baseClass.BaseClass - Cab Page ---> User click the Gift In More Options
21:23:40.098 [main] INFO  baseClass.BaseClass - Gift Page ---> User click the Birthday Gift
21:23:40.499 [main] INFO  baseClass.BaseClass - Gift Page ---> User click the Email Button
21:23:41.419 [main] DEBUG org.apache.poi.openxml4j.opc.PackageRelationshipCollection - Parsing relationship: /xl/_rels/workbook.xml.rels
21:23:41.420 [main] DEBUG org.apache.poi.openxml4j.opc.PackageRelationshipCollection - Parsing relationship: /xl/worksheets/_rels/sheet2.xml.rels
21:23:41.420 [main] DEBUG org.apache.poi.openxml4j.opc.PackageRelationshipCollection - Parsing relationship: /xl/worksheets/_rels/sheet3.xml.rels
21:23:41.421 [main] DEBUG org.apache.poi.openxml4j.opc.PackageRelationshipCollection - Parsing relationship: /xl/worksheets/_rels/sheet4.xml.rels
21:23:41.421 [main] DEBUG org.apache.poi.openxml4j.opc.PackageRelationshipCollection - Parsing relationship: /_rels/.rels
21:23:56.853 [main] DEBUG org.apache.poi.openxml4j.opc.PackageRelationshipCollection - Parsing relationship: /xl/_rels/workbook.xml.rels
21:23:56.853 [main] DEBUG org.apache.poi.openxml4j.opc.PackageRelationshipCollection - Parsing relationship: /xl/worksheets/_rels/sheet2.xml.rels
21:23:56.854 [main] DEBUG org.apache.poi.openxml4j.opc.PackageRelationshipCollection - Parsing relationship: /xl/worksheets/_rels/sheet3.xml.rels
21:23:56.855 [main] DEBUG org.apache.poi.openxml4j.opc.PackageRelationshipCollection - Parsing relationship: /xl/worksheets/_rels/sheet4.xml.rels
21:23:56.855 [main] DEBUG org.apache.poi.openxml4j.opc.PackageRelationshipCollection - Parsing relationship: /_rels/.rels
21:24:39.096 [main] INFO  baseClass.BaseClass - User Navigation to the page............
21:24:39.097 [main] INFO  baseClass.BaseClass - User close the Ads......
21:24:44.396 [main] INFO  baseClass.BaseClass - User click the Cab Button On Home Page
21:24:45.892 [main] INFO  baseClass.BaseClass - Cab Page ---> User click the search Button
21:24:48.326 [main] INFO  baseClass.BaseClass - Cab Page ---> User Click the More Options
21:24:48.601 [main] INFO  baseClass.BaseClass - Cab Page ---> User click the Gift In More Options
21:24:50.927 [main] INFO  baseClass.BaseClass - Gift Page ---> User click the Birthday Gift
21:24:51.157 [main] INFO  baseClass.BaseClass - Gift Page ---> User click the Email Button
21:24:52.039 [main] DEBUG org.apache.poi.openxml4j.opc.PackageRelationshipCollection - Parsing relationship: /xl/_rels/workbook.xml.rels
